<?xml version="1.0" encoding="UTF-8"?>
<!-- Generated by org.testng.reporters.JUnitXMLReporter -->
<testsuite ignored="0" hostname="LAPTOP-84AOTKRB" failures="0" tests="3" name="Default test" time="5.443" errors="0" timestamp="29 Jul 2022 14:07:22 GMT">
  <testcase classname="qaautomation.july2022.APITest" name="configAPI" time="2.531"/>
  <testcase classname="qaautomation.july2022.APITest" name="loginAPI" time="1.683"/>
  <testcase classname="qaautomation.july2022.APITest" name="userAPI" time="1.123"/>
</testsuite> <!-- Default test -->
