<?xml version="1.0" encoding="UTF-8"?>
<!-- Generated by org.testng.reporters.JUnitXMLReporter -->
<testsuite ignored="0" hostname="LAPTOP-84AOTKRB" failures="0" tests="6" name="Test" time="13.564" errors="0" timestamp="29 Jul 2022 14:12:42 GMT">
  <testcase classname="qaautomation.july2022.APITestAfterRefactor" name="configAPI" time="1.073"/>
  <testcase classname="qaautomation.july2022.APITestAfterRefactor" name="userAPI" time="1.619"/>
  <testcase classname="qaautomation.july2022.APITestAfterRefactor" name="userNegativeAPI" time="0.814"/>
  <testcase classname="qaautomation.july2022.APITest" name="configAPI" time="0.867"/>
  <testcase classname="qaautomation.july2022.APITest" name="loginAPI" time="1.18"/>
  <testcase classname="qaautomation.july2022.APITest" name="userAPI" time="1.05"/>
</testsuite> <!-- Test -->
