<?xml version="1.0" encoding="UTF-8"?>
<testng-results ignored="0" total="6" passed="6" failed="0" skipped="0">
  <reporter-output>
  </reporter-output>
  <suite started-at="2022-07-29T14:12:28Z" name="Suite" finished-at="2022-07-29T14:12:42Z" duration-ms="13564">
    <groups>
    </groups>
    <test started-at="2022-07-29T14:12:28Z" name="Test" finished-at="2022-07-29T14:12:42Z" duration-ms="13564">
      <class name="qaautomation.july2022.APITest">
        <test-method signature="configAPI()[pri:0, instance:qaautomation.july2022.APITest@61fafb74]" started-at="2022-07-29T14:12:39Z" name="configAPI" finished-at="2022-07-29T14:12:40Z" duration-ms="867" status="PASS">
          <reporter-output>
          </reporter-output>
        </test-method> <!-- configAPI -->
        <test-method signature="loginAPI()[pri:0, instance:qaautomation.july2022.APITest@61fafb74]" started-at="2022-07-29T14:12:40Z" name="loginAPI" finished-at="2022-07-29T14:12:41Z" duration-ms="1180" status="PASS">
          <reporter-output>
          </reporter-output>
        </test-method> <!-- loginAPI -->
        <test-method signature="userAPI()[pri:0, instance:qaautomation.july2022.APITest@61fafb74]" started-at="2022-07-29T14:12:41Z" name="userAPI" finished-at="2022-07-29T14:12:42Z" duration-ms="1050" status="PASS">
          <reporter-output>
          </reporter-output>
        </test-method> <!-- userAPI -->
      </class> <!-- qaautomation.july2022.APITest -->
      <class name="qaautomation.july2022.APITestAfterRefactor">
        <test-method is-config="true" signature="login()[pri:0, instance:qaautomation.july2022.APITestAfterRefactor@6d9fb2d1]" started-at="2022-07-29T14:12:28Z" name="login" finished-at="2022-07-29T14:12:32Z" duration-ms="3837" status="PASS">
          <reporter-output>
          </reporter-output>
        </test-method> <!-- login -->
        <test-method signature="configAPI()[pri:0, instance:qaautomation.july2022.APITestAfterRefactor@6d9fb2d1]" started-at="2022-07-29T14:12:32Z" name="configAPI" finished-at="2022-07-29T14:12:33Z" duration-ms="1073" status="PASS">
          <reporter-output>
          </reporter-output>
        </test-method> <!-- configAPI -->
        <test-method is-config="true" signature="login()[pri:0, instance:qaautomation.july2022.APITestAfterRefactor@6d9fb2d1]" started-at="2022-07-29T14:12:33Z" name="login" finished-at="2022-07-29T14:12:35Z" duration-ms="1648" status="PASS">
          <reporter-output>
          </reporter-output>
        </test-method> <!-- login -->
        <test-method signature="userAPI()[pri:0, instance:qaautomation.july2022.APITestAfterRefactor@6d9fb2d1]" started-at="2022-07-29T14:12:35Z" name="userAPI" finished-at="2022-07-29T14:12:37Z" duration-ms="1619" status="PASS">
          <reporter-output>
          </reporter-output>
        </test-method> <!-- userAPI -->
        <test-method is-config="true" signature="login()[pri:0, instance:qaautomation.july2022.APITestAfterRefactor@6d9fb2d1]" started-at="2022-07-29T14:12:37Z" name="login" finished-at="2022-07-29T14:12:38Z" duration-ms="1224" status="PASS">
          <reporter-output>
          </reporter-output>
        </test-method> <!-- login -->
        <test-method signature="userNegativeAPI()[pri:0, instance:qaautomation.july2022.APITestAfterRefactor@6d9fb2d1]" started-at="2022-07-29T14:12:38Z" name="userNegativeAPI" finished-at="2022-07-29T14:12:39Z" duration-ms="814" status="PASS">
          <reporter-output>
          </reporter-output>
        </test-method> <!-- userNegativeAPI -->
      </class> <!-- qaautomation.july2022.APITestAfterRefactor -->
    </test> <!-- Test -->
  </suite> <!-- Suite -->
</testng-results>
